<?xml version="1.0" encoding="UTF-8"?>
<!-- Generated by org.testng.reporters.JUnitReportReporter -->
<testsuite hostname="mangesh-sutar" failures="0" tests="1" name="APITESTING.Lecture_02_2_CREATE" time="1.562" errors="0" timestamp="2023-03-21T20:07:14 IST" skipped="0">
  <testcase classname="APITESTING.Lecture_02_2_CREATE" name="postmethod" time="1.562"/>
  <system-out/>
</testsuite> <!-- APITESTING.Lecture_02_2_CREATE -->
