<?xml version="1.0" encoding="UTF-8"?>
<!-- Generated by org.testng.reporters.JUnitReportReporter -->
<testsuite hostname="mangesh-sutar" failures="0" tests="1" name="Lecture_05.pgm_01_ExcelData" time="0.242" errors="0" timestamp="2023-03-22T23:59:14 IST" skipped="0">
  <testcase classname="Lecture_05.pgm_01_ExcelData" name="readExcelData" time="0.242"/>
  <system-out/>
</testsuite> <!-- Lecture_05.pgm_01_ExcelData -->
