<?xml version="1.0" encoding="UTF-8"?>
<!-- Generated by org.testng.reporters.JUnitReportReporter -->
<testsuite hostname="mangesh-sutar" failures="0" tests="1" name="APITESTING.Lecture_04_methodclass" time="0.785" errors="0" timestamp="2023-03-22T21:18:29 IST" skipped="0">
  <testcase classname="APITESTING.Lecture_04_methodclass" name="deleteMethod" time="0.785"/>
  <system-out/>
</testsuite> <!-- APITESTING.Lecture_04_methodclass -->
