<?xml version="1.0" encoding="UTF-8"?>
<!-- Generated by org.testng.reporters.JUnitReportReporter -->
<testsuite hostname="mangesh-sutar" failures="0" tests="1" name="APITESTING.Lecture_02_3_PATCH" time="1.654" errors="0" timestamp="2023-03-21T20:44:58 IST" skipped="0">
  <testcase classname="APITESTING.Lecture_02_3_PATCH" name="patchmethod" time="1.654"/>
  <system-out/>
</testsuite> <!-- APITESTING.Lecture_02_3_PATCH -->
