<?xml version="1.0" encoding="UTF-8"?>
<!-- Generated by org.testng.reporters.JUnitReportReporter -->
<testsuite hostname="mangesh-sutar" failures="0" tests="1" name="APITESTING.Lecture_02_1_GET" time="1.547" errors="0" timestamp="2023-03-21T18:23:41 IST" skipped="0">
  <testcase classname="APITESTING.Lecture_02_1_GET" name="test1_ToaddHeader" time="1.547"/>
  <system-out/>
</testsuite> <!-- APITESTING.Lecture_02_1_GET -->
