<?xml version="1.0" encoding="UTF-8"?>
<!-- Generated by org.testng.reporters.JUnitReportReporter -->
<testsuite hostname="mangesh-sutar" failures="0" tests="1" name="APITESTING.Lecture_03_getdata_afterCreatingFakeAPI" time="0.981" errors="0" timestamp="2023-03-22T18:48:29 IST" skipped="0">
  <testcase classname="APITESTING.Lecture_03_getdata_afterCreatingFakeAPI" name="DeleteDatafromUSers" time="0.981"/>
  <system-out/>
</testsuite> <!-- APITESTING.Lecture_03_getdata_afterCreatingFakeAPI -->
