<?xml version="1.0" encoding="UTF-8"?>
<!-- Generated by org.testng.reporters.JUnitReportReporter -->
<testsuite hostname="mangesh-sutar" failures="0" tests="1" name="APITESTING.Lecture_02_2_PUT" time="1.562" errors="0" timestamp="2023-03-21T20:31:20 IST" skipped="0">
  <testcase classname="APITESTING.Lecture_02_2_PUT" name="putmethod" time="1.562"/>
  <system-out/>
</testsuite> <!-- APITESTING.Lecture_02_2_PUT -->
