<?xml version="1.0" encoding="UTF-8"?>
<!-- Generated by org.testng.reporters.JUnitReportReporter -->
<testsuite hostname="mangesh-sutar" failures="0" tests="1" name="APITESTING.Lecture_02_3_DELETE" time="1.629" errors="0" timestamp="2023-03-21T21:02:34 IST" skipped="0">
  <testcase classname="APITESTING.Lecture_02_3_DELETE" name="delete" time="1.629"/>
  <system-out/>
</testsuite> <!-- APITESTING.Lecture_02_3_DELETE -->
