<?xml version="1.0" encoding="UTF-8"?>
<!-- Generated by org.testng.reporters.JUnitReportReporter -->
<testsuite hostname="mangesh-sutar" failures="0" tests="1" name="APITESTING.Lecture_01" time="1.504" errors="0" timestamp="2023-03-21T13:50:32 IST" skipped="0">
  <testcase classname="APITESTING.Lecture_01" name="test_02_get" time="1.504"/>
  <system-out/>
</testsuite> <!-- APITESTING.Lecture_01 -->
